Copyright 1986-2022 Xilinx, Inc. All Rights Reserved. Copyright 2022-2025 Advanced Micro Devices, Inc. All Rights Reserved.
---------------------------------------------------------------------------------------------------------------------------------------------
| Tool Version : Vivado v.2025.1 (win64) Build 6140274 Thu May 22 00:12:29 MDT 2025
| Date         : Tue Mar 24 16:47:06 2026
| Host         : 7RMY0V3 running 64-bit major release  (build 9200)
| Command      : report_control_sets -verbose -file design_5_wrapper_control_sets_placed.rpt
| Design       : design_5_wrapper
| Device       : xc7z020
---------------------------------------------------------------------------------------------------------------------------------------------

Control Set Information

Table of Contents
-----------------
1. Summary
2. Histogram
3. Flip-Flop Distribution
4. Detailed Control Set Information

1. Summary
----------

+----------------------------------------------------------+-------+
|                          Status                          | Count |
+----------------------------------------------------------+-------+
| Total control sets                                       |    79 |
|    Minimum number of control sets                        |    79 |
|    Addition due to synthesis replication                 |     0 |
|    Addition due to physical synthesis replication        |     0 |
| Unused register locations in slices containing registers |   307 |
+----------------------------------------------------------+-------+
* Control sets can be merged at opt_design using control_set_merge or merge_equivalent_drivers
** Run report_qor_suggestions for automated merging and remapping suggestions


2. Histogram
------------

+--------------------+-------+
|       Fanout       | Count |
+--------------------+-------+
| Total control sets |    79 |
| >= 0 to < 4        |    16 |
| >= 4 to < 6        |    10 |
| >= 6 to < 8        |     5 |
| >= 8 to < 10       |    14 |
| >= 10 to < 12      |    14 |
| >= 12 to < 14      |     9 |
| >= 14 to < 16      |     0 |
| >= 16              |    11 |
+--------------------+-------+
* Control sets can be remapped at either synth_design or opt_design


3. Flip-Flop Distribution
-------------------------

+--------------+-----------------------+------------------------+-----------------+--------------+
| Clock Enable | Synchronous Set/Reset | Asynchronous Set/Reset | Total Registers | Total Slices |
+--------------+-----------------------+------------------------+-----------------+--------------+
| No           | No                    | No                     |             146 |           46 |
| No           | No                    | Yes                    |              27 |            9 |
| No           | Yes                   | No                     |             167 |           66 |
| Yes          | No                    | No                     |             193 |           41 |
| Yes          | No                    | Yes                    |               0 |            0 |
| Yes          | Yes                   | No                     |             376 |          122 |
+--------------+-----------------------+------------------------+-----------------+--------------+


4. Detailed Control Set Information
-----------------------------------

+-------------------------------------------------+-------------------------------------------------------------------------------------------------------------------------------------------------------------------+----------------------------------------------------------------------------------------------------------------------+------------------+----------------+--------------+
|                   Clock Signal                  |                                                                           Enable Signal                                                                           |                                                   Set/Reset Signal                                                   | Slice Load Count | Bel Load Count | Bels / Slice |
+-------------------------------------------------+-------------------------------------------------------------------------------------------------------------------------------------------------------------------+----------------------------------------------------------------------------------------------------------------------+------------------+----------------+--------------+
|  design_5_i/processing_system7_0/inst/FCLK_CLK0 |                                                                                                                                                                   | design_5_i/axi_smc/inst/s00_nodes/s00_r_node/inst/s_sc_areset_pipe                                                   |                1 |              1 |         1.00 |
|  design_5_i/processing_system7_0/inst/FCLK_CLK0 |                                                                                                                                                                   | design_5_i/axi_smc/inst/s00_nodes/s00_w_node/inst/s_sc_areset_pipe                                                   |                1 |              1 |         1.00 |
|  design_5_i/processing_system7_0/inst/FCLK_CLK0 |                                                                                                                                                                   | design_5_i/axi_smc/inst/s00_nodes/s00_b_node/inst/s_sc_areset_pipe                                                   |                1 |              1 |         1.00 |
|  design_5_i/processing_system7_0/inst/FCLK_CLK0 |                                                                                                                                                                   | design_5_i/axi_smc/inst/s00_nodes/s00_ar_node/inst/s_sc_areset_pipe                                                  |                1 |              1 |         1.00 |
|  design_5_i/processing_system7_0/inst/FCLK_CLK0 |                                                                                                                                                                   | design_5_i/axi_smc/inst/s00_nodes/s00_aw_node/inst/s_sc_areset_pipe                                                  |                1 |              1 |         1.00 |
|  design_5_i/processing_system7_0/inst/FCLK_CLK0 | design_5_i/axi_iic_0/U0/X_IIC/REG_INTERFACE_I/p_3_in                                                                                                              | design_5_i/axi_iic_0/U0/X_IIC/REG_INTERFACE_I/Tx_fifo_rst                                                            |                1 |              1 |         1.00 |
|  design_5_i/processing_system7_0/inst/FCLK_CLK0 | design_5_i/axi_iic_0/U0/X_IIC/WRITE_FIFO_CTRL_I/CI                                                                                                                |                                                                                                                      |                1 |              2 |         2.00 |
|  design_5_i/processing_system7_0/inst/FCLK_CLK0 |                                                                                                                                                                   | design_5_i/axi_smc/inst/s00_nodes/s00_r_node/inst/s_sc_xpm_cdc_async_rst_inst/reset_pol                              |                1 |              3 |         3.00 |
|  design_5_i/processing_system7_0/inst/FCLK_CLK0 |                                                                                                                                                                   | design_5_i/axi_smc/inst/m00_exit_pipeline/m00_exit/inst/xpm_cdc_async_rst_inst/reset_pol                             |                1 |              3 |         3.00 |
|  design_5_i/processing_system7_0/inst/FCLK_CLK0 |                                                                                                                                                                   | design_5_i/axi_smc/inst/s00_entry_pipeline/s00_mmu/inst/xpm_cdc_async_rst_inst/reset_pol                             |                1 |              3 |         3.00 |
|  design_5_i/processing_system7_0/inst/FCLK_CLK0 |                                                                                                                                                                   | design_5_i/axi_smc/inst/s00_entry_pipeline/s00_transaction_regulator/inst/xpm_cdc_async_rst_inst/reset_pol           |                1 |              3 |         3.00 |
|  design_5_i/processing_system7_0/inst/FCLK_CLK0 |                                                                                                                                                                   | design_5_i/axi_smc/inst/s00_nodes/s00_w_node/inst/s_sc_xpm_cdc_async_rst_inst/reset_pol                              |                1 |              3 |         3.00 |
|  design_5_i/processing_system7_0/inst/FCLK_CLK0 |                                                                                                                                                                   | design_5_i/axi_smc/inst/s00_entry_pipeline/s00_si_converter/inst/xpm_cdc_async_rst_inst/reset_pol                    |                1 |              3 |         3.00 |
|  design_5_i/processing_system7_0/inst/FCLK_CLK0 |                                                                                                                                                                   | design_5_i/axi_smc/inst/s00_nodes/s00_ar_node/inst/s_sc_xpm_cdc_async_rst_inst/reset_pol                             |                1 |              3 |         3.00 |
|  design_5_i/processing_system7_0/inst/FCLK_CLK0 |                                                                                                                                                                   | design_5_i/axi_smc/inst/s00_nodes/s00_aw_node/inst/s_sc_xpm_cdc_async_rst_inst/reset_pol                             |                1 |              3 |         3.00 |
|  design_5_i/processing_system7_0/inst/FCLK_CLK0 |                                                                                                                                                                   | design_5_i/axi_smc/inst/s00_nodes/s00_b_node/inst/s_sc_xpm_cdc_async_rst_inst/reset_pol                              |                1 |              3 |         3.00 |
|  design_5_i/processing_system7_0/inst/FCLK_CLK0 | design_5_i/axi_iic_0/U0/X_IIC/WRITE_FIFO_CTRL_I/Data_Exists_DFF_0                                                                                                 | design_5_i/axi_iic_0/U0/X_IIC/REG_INTERFACE_I/Tx_fifo_rst                                                            |                1 |              4 |         4.00 |
|  design_5_i/processing_system7_0/inst/FCLK_CLK0 | design_5_i/axi_iic_0/U0/X_IIC/IIC_CONTROL_I/BITCNT/q_int[0]_i_1__1_n_0                                                                                            | design_5_i/axi_iic_0/U0/X_IIC/REG_INTERFACE_I/cr_i_reg[7]_0                                                          |                1 |              4 |         4.00 |
|  design_5_i/processing_system7_0/inst/FCLK_CLK0 |                                                                                                                                                                   | design_5_i/axi_smc/inst/clk_map/psr_aclk/U0/EXT_LPF/lpf_int                                                          |                2 |              4 |         2.00 |
|  design_5_i/processing_system7_0/inst/FCLK_CLK0 |                                                                                                                                                                   | design_5_i/rst_ps7_0_100M/U0/EXT_LPF/lpf_int                                                                         |                2 |              4 |         2.00 |
|  design_5_i/processing_system7_0/inst/FCLK_CLK0 | design_5_i/axi_iic_0/U0/X_IIC/X_AXI_IPIF_SSP1/AXI_LITE_IPIF_I/I_SLAVE_ATTACHMENT/I_DECODER/Bus2IIC_WrCE[8]                                                        | design_5_i/axi_iic_0/U0/X_IIC/X_AXI_IPIF_SSP1/X_SOFT_RESET/Bus2IIC_Reset                                             |                1 |              4 |         4.00 |
|  design_5_i/processing_system7_0/inst/FCLK_CLK0 |                                                                                                                                                                   | design_5_i/axi_iic_0/U0/X_IIC/X_AXI_IPIF_SSP1/AXI_LITE_IPIF_I/I_SLAVE_ATTACHMENT/clear                               |                1 |              4 |         4.00 |
|  design_5_i/processing_system7_0/inst/FCLK_CLK0 | design_5_i/axi_smc/inst/s00_entry_pipeline/s00_si_converter/inst/gen_axilite_conv.axilite_conv_inst/r_state                                                       | design_5_i/axi_smc/inst/s00_entry_pipeline/s00_si_converter/inst/areset                                              |                1 |              4 |         4.00 |
|  design_5_i/processing_system7_0/inst/FCLK_CLK0 | design_5_i/axi_iic_0/U0/X_IIC/READ_FIFO_I/Rc_Data_Exists                                                                                                          | design_5_i/axi_iic_0/U0/X_IIC/X_AXI_IPIF_SSP1/X_SOFT_RESET/Bus2IIC_Reset                                             |                1 |              4 |         4.00 |
|  design_5_i/processing_system7_0/inst/FCLK_CLK0 | design_5_i/axi_iic_0/U0/X_IIC/WRITE_FIFO_I/Tx_data_exists_sgl                                                                                                     | design_5_i/axi_iic_0/U0/X_IIC/REG_INTERFACE_I/Tx_fifo_rst                                                            |                1 |              4 |         4.00 |
|  design_5_i/processing_system7_0/inst/FCLK_CLK0 | design_5_i/axi_iic_0/U0/X_IIC/X_AXI_IPIF_SSP1/AXI_LITE_IPIF_I/I_SLAVE_ATTACHMENT/I_DECODER/Bus2IIC_WrCE[11]                                                       | design_5_i/axi_iic_0/U0/X_IIC/X_AXI_IPIF_SSP1/X_SOFT_RESET/Bus2IIC_Reset                                             |                2 |              5 |         2.50 |
|  design_5_i/processing_system7_0/inst/FCLK_CLK0 |                                                                                                                                                                   | design_5_i/axi_iic_0/U0/X_IIC/X_AXI_IPIF_SSP1/X_SOFT_RESET/AXI_Bus2IP_Reset                                          |                1 |              6 |         6.00 |
|  design_5_i/processing_system7_0/inst/FCLK_CLK0 |                                                                                                                                                                   | design_5_i/axi_iic_0/U0/X_IIC/REG_INTERFACE_I/Tx_fifo_rst                                                            |                4 |              6 |         1.50 |
|  design_5_i/processing_system7_0/inst/FCLK_CLK0 | design_5_i/axi_smc/inst/clk_map/psr_aclk/U0/SEQ/seq_cnt_en                                                                                                        | design_5_i/axi_smc/inst/clk_map/psr_aclk/U0/SEQ/SEQ_COUNTER/clear                                                    |                2 |              6 |         3.00 |
|  design_5_i/processing_system7_0/inst/FCLK_CLK0 | design_5_i/rst_ps7_0_100M/U0/SEQ/seq_cnt_en                                                                                                                       | design_5_i/rst_ps7_0_100M/U0/SEQ/SEQ_COUNTER/clear                                                                   |                1 |              6 |         6.00 |
|  design_5_i/processing_system7_0/inst/FCLK_CLK0 | design_5_i/axi_iic_0/U0/X_IIC/X_AXI_IPIF_SSP1/AXI_LITE_IPIF_I/I_SLAVE_ATTACHMENT/I_DECODER/Bus2IIC_WrCE[9]                                                        | design_5_i/axi_iic_0/U0/X_IIC/X_AXI_IPIF_SSP1/X_SOFT_RESET/Bus2IIC_Reset                                             |                1 |              7 |         7.00 |
|  design_5_i/processing_system7_0/inst/FCLK_CLK0 | design_5_i/axi_iic_0/U0/X_IIC/WRITE_FIFO_I/Addr_Counters[0].MUXCY_L_I_i_2__1_n_0                                                                                  |                                                                                                                      |                1 |              8 |         8.00 |
|  design_5_i/processing_system7_0/inst/FCLK_CLK0 | design_5_i/axi_iic_0/U0/X_IIC/X_AXI_IPIF_SSP1/AXI_LITE_IPIF_I/I_SLAVE_ATTACHMENT/I_DECODER/E[0]                                                                   | design_5_i/axi_iic_0/U0/X_IIC/X_AXI_IPIF_SSP1/X_SOFT_RESET/Bus2IIC_Reset                                             |                2 |              8 |         4.00 |
|  design_5_i/processing_system7_0/inst/FCLK_CLK0 | design_5_i/axi_iic_0/U0/X_IIC/READ_FIFO_I/CI                                                                                                                      |                                                                                                                      |                1 |              8 |         8.00 |
|  design_5_i/processing_system7_0/inst/FCLK_CLK0 | design_5_i/axi_smc/inst/s00_entry_pipeline/s00_si_converter/inst/gen_axilite_conv.axilite_conv_inst/ar_cnt[7]_i_1_n_0                                             | design_5_i/axi_smc/inst/s00_entry_pipeline/s00_si_converter/inst/areset                                              |                3 |              8 |         2.67 |
|  design_5_i/processing_system7_0/inst/FCLK_CLK0 | design_5_i/axi_smc/inst/s00_entry_pipeline/s00_si_converter/inst/gen_axilite_conv.axilite_conv_inst/r_beats[7]_i_1_n_0                                            | design_5_i/axi_smc/inst/s00_entry_pipeline/s00_si_converter/inst/areset                                              |                4 |              8 |         2.00 |
|  design_5_i/processing_system7_0/inst/FCLK_CLK0 | design_5_i/axi_iic_0/U0/X_IIC/IIC_CONTROL_I/data_i2c_i0                                                                                                           | design_5_i/axi_iic_0/U0/X_IIC/REG_INTERFACE_I/cr_i_reg[7]_0                                                          |                1 |              8 |         8.00 |
|  design_5_i/processing_system7_0/inst/FCLK_CLK0 | design_5_i/axi_iic_0/U0/X_IIC/DYN_MASTER_I/rdByteCntr[0]_i_1_n_0                                                                                                  | design_5_i/axi_iic_0/U0/X_IIC/REG_INTERFACE_I/Tx_fifo_rst                                                            |                3 |              8 |         2.67 |
|  design_5_i/processing_system7_0/inst/FCLK_CLK0 | design_5_i/axi_iic_0/U0/X_IIC/IIC_CONTROL_I/I2CDATA_REG/data_int[7]_i_1_n_0                                                                                       | design_5_i/axi_iic_0/U0/X_IIC/REG_INTERFACE_I/cr_i_reg[7]_0                                                          |                2 |              8 |         4.00 |
|  design_5_i/processing_system7_0/inst/FCLK_CLK0 | design_5_i/axi_iic_0/U0/X_IIC/IIC_CONTROL_I/i2c_header_en                                                                                                         | design_5_i/axi_iic_0/U0/X_IIC/REG_INTERFACE_I/cr_i_reg[7]_0                                                          |                2 |              8 |         4.00 |
|  design_5_i/processing_system7_0/inst/FCLK_CLK0 | design_5_i/axi_smc/inst/s00_entry_pipeline/s00_mmu/inst/gen_endpoint.decerr_slave_inst/gen_axi.gen_read.read_cnt[7]_i_1_n_0                                       | design_5_i/axi_smc/inst/s00_entry_pipeline/s00_mmu/inst/areset                                                       |                2 |              8 |         4.00 |
|  design_5_i/processing_system7_0/inst/FCLK_CLK0 | design_5_i/axi_smc/inst/s00_nodes/s00_ar_node/inst/inst_mi_handler/gen_normal_area.inst_fifo_node_payld/gen_reg_fifo.inst_reg_fifo/gen_single_rank.inst_cntr/E[0] |                                                                                                                      |                2 |              9 |         4.50 |
|  design_5_i/processing_system7_0/inst/FCLK_CLK0 | design_5_i/axi_smc/inst/s00_nodes/s00_aw_node/inst/inst_mi_handler/gen_normal_area.inst_fifo_node_payld/gen_reg_fifo.inst_reg_fifo/gen_single_rank.inst_cntr/E[0] |                                                                                                                      |                2 |              9 |         4.50 |
|  design_5_i/processing_system7_0/inst/FCLK_CLK0 | design_5_i/axi_smc/inst/s00_entry_pipeline/s00_si_converter/inst/gen_axilite_conv.axilite_conv_inst/w_cnt[8]_i_1_n_0                                              | design_5_i/axi_smc/inst/s00_entry_pipeline/s00_si_converter/inst/areset                                              |                3 |              9 |         3.00 |
|  design_5_i/processing_system7_0/inst/FCLK_CLK0 | design_5_i/axi_smc/inst/s00_entry_pipeline/s00_si_converter/inst/gen_axilite_conv.axilite_conv_inst/s_buser                                                       | design_5_i/axi_smc/inst/s00_entry_pipeline/s00_si_converter/inst/gen_axilite_conv.axilite_conv_inst/b_cnt[8]_i_1_n_0 |                2 |              9 |         4.50 |
|  design_5_i/processing_system7_0/inst/FCLK_CLK0 | design_5_i/axi_iic_0/U0/X_IIC/IIC_CONTROL_I/SETUP_CNT/q_int[0]_i_1_n_0                                                                                            | design_5_i/axi_iic_0/U0/X_IIC/REG_INTERFACE_I/cr_i_reg[7]_0                                                          |                2 |             10 |         5.00 |
|  design_5_i/processing_system7_0/inst/FCLK_CLK0 | design_5_i/axi_iic_0/U0/X_IIC/X_AXI_IPIF_SSP1/AXI_LITE_IPIF_I/I_SLAVE_ATTACHMENT/bus2ip_addr_i[8]_i_1_n_0                                                         | design_5_i/axi_iic_0/U0/X_IIC/X_AXI_IPIF_SSP1/AXI_LITE_IPIF_I/I_SLAVE_ATTACHMENT/rst                                 |                3 |             10 |         3.33 |
|  design_5_i/processing_system7_0/inst/FCLK_CLK0 | design_5_i/axi_iic_0/U0/X_IIC/X_AXI_IPIF_SSP1/AXI_LITE_IPIF_I/I_SLAVE_ATTACHMENT/I_DECODER/Bus2IIC_WrCE[6]                                                        | design_5_i/axi_iic_0/U0/X_IIC/X_AXI_IPIF_SSP1/X_SOFT_RESET/Bus2IIC_Reset                                             |                3 |             10 |         3.33 |
|  design_5_i/processing_system7_0/inst/FCLK_CLK0 | design_5_i/axi_iic_0/U0/X_IIC/X_AXI_IPIF_SSP1/AXI_LITE_IPIF_I/I_SLAVE_ATTACHMENT/I_DECODER/Bus2IIC_WrCE[1]                                                        | design_5_i/axi_iic_0/U0/X_IIC/X_AXI_IPIF_SSP1/X_SOFT_RESET/Bus2IIC_Reset                                             |                5 |             10 |         2.00 |
|  design_5_i/processing_system7_0/inst/FCLK_CLK0 | design_5_i/axi_iic_0/U0/X_IIC/X_AXI_IPIF_SSP1/AXI_LITE_IPIF_I/I_SLAVE_ATTACHMENT/I_DECODER/Bus2IIC_WrCE[0]                                                        | design_5_i/axi_iic_0/U0/X_IIC/X_AXI_IPIF_SSP1/X_SOFT_RESET/Bus2IIC_Reset                                             |                3 |             10 |         3.33 |
|  design_5_i/processing_system7_0/inst/FCLK_CLK0 | design_5_i/axi_iic_0/U0/X_IIC/X_AXI_IPIF_SSP1/AXI_LITE_IPIF_I/I_SLAVE_ATTACHMENT/I_DECODER/Bus2IIC_WrCE[7]                                                        | design_5_i/axi_iic_0/U0/X_IIC/X_AXI_IPIF_SSP1/X_SOFT_RESET/Bus2IIC_Reset                                             |                3 |             10 |         3.33 |
|  design_5_i/processing_system7_0/inst/FCLK_CLK0 | design_5_i/axi_iic_0/U0/X_IIC/X_AXI_IPIF_SSP1/AXI_LITE_IPIF_I/I_SLAVE_ATTACHMENT/I_DECODER/Bus2IIC_WrCE[5]                                                        | design_5_i/axi_iic_0/U0/X_IIC/X_AXI_IPIF_SSP1/X_SOFT_RESET/Bus2IIC_Reset                                             |                3 |             10 |         3.33 |
|  design_5_i/processing_system7_0/inst/FCLK_CLK0 | design_5_i/axi_iic_0/U0/X_IIC/X_AXI_IPIF_SSP1/AXI_LITE_IPIF_I/I_SLAVE_ATTACHMENT/I_DECODER/Bus2IIC_WrCE[4]                                                        | design_5_i/axi_iic_0/U0/X_IIC/X_AXI_IPIF_SSP1/X_SOFT_RESET/Bus2IIC_Reset                                             |                2 |             10 |         5.00 |
|  design_5_i/processing_system7_0/inst/FCLK_CLK0 | design_5_i/axi_iic_0/U0/X_IIC/X_AXI_IPIF_SSP1/AXI_LITE_IPIF_I/I_SLAVE_ATTACHMENT/I_DECODER/Bus2IIC_WrCE[2]                                                        | design_5_i/axi_iic_0/U0/X_IIC/X_AXI_IPIF_SSP1/X_SOFT_RESET/Bus2IIC_Reset                                             |                3 |             10 |         3.33 |
|  design_5_i/processing_system7_0/inst/FCLK_CLK0 | design_5_i/axi_iic_0/U0/X_IIC/IIC_CONTROL_I/CLKCNT/q_int[0]_i_1__0_n_0                                                                                            | design_5_i/axi_iic_0/U0/X_IIC/REG_INTERFACE_I/cr_i_reg[7]_0                                                          |                5 |             10 |         2.00 |
|  design_5_i/processing_system7_0/inst/FCLK_CLK0 | design_5_i/axi_iic_0/U0/X_IIC/X_AXI_IPIF_SSP1/AXI_LITE_IPIF_I/I_SLAVE_ATTACHMENT/I_DECODER/Bus2IIC_WrCE[3]                                                        | design_5_i/axi_iic_0/U0/X_IIC/X_AXI_IPIF_SSP1/X_SOFT_RESET/Bus2IIC_Reset                                             |                4 |             10 |         2.50 |
|  design_5_i/processing_system7_0/inst/FCLK_CLK0 | design_5_i/axi_iic_0/U0/X_IIC/IIC_CONTROL_I/FSM_onehot_scl_state[9]_i_2_n_0                                                                                       | design_5_i/axi_iic_0/U0/X_IIC/REG_INTERFACE_I/cr_i_reg[7]_0                                                          |                5 |             10 |         2.00 |
|  design_5_i/processing_system7_0/inst/FCLK_CLK0 | design_5_i/axi_smc/inst/s00_nodes/s00_w_node/inst/inst_mi_handler/gen_normal_area.inst_fifo_node_payld/gen_reg_fifo.inst_reg_fifo/gen_single_rank.inst_cntr/E[0]  |                                                                                                                      |                2 |             11 |         5.50 |
|  design_5_i/processing_system7_0/inst/FCLK_CLK0 | design_5_i/axi_smc/inst/s00_entry_pipeline/s00_si_converter/inst/gen_axilite_conv.axilite_conv_inst/s_axi_rdata_i[31]_i_1_n_0                                     | design_5_i/axi_smc/inst/s00_entry_pipeline/s00_si_converter/inst/areset                                              |                2 |             11 |         5.50 |
|  design_5_i/processing_system7_0/inst/FCLK_CLK0 | design_5_i/axi_smc/inst/s00_entry_pipeline/s00_mmu/inst/gen_endpoint.decerr_slave_inst/gen_axi.gen_read.s_axi_rid_i[11]_i_1_n_0                                   | design_5_i/axi_smc/inst/s00_entry_pipeline/s00_mmu/inst/areset                                                       |                4 |             12 |         3.00 |
|  design_5_i/processing_system7_0/inst/FCLK_CLK0 |                                                                                                                                                                   | design_5_i/axi_iic_0/U0/X_IIC/X_AXI_IPIF_SSP1/AXI_LITE_IPIF_I/I_SLAVE_ATTACHMENT/rst                                 |                5 |             12 |         2.40 |
|  design_5_i/processing_system7_0/inst/FCLK_CLK0 | design_5_i/axi_smc/inst/s00_entry_pipeline/s00_mmu/inst/gen_endpoint.decerr_slave_inst/gen_axi.gen_write.s_axi_bid_i[11]_i_1_n_0                                  | design_5_i/axi_smc/inst/s00_entry_pipeline/s00_mmu/inst/areset                                                       |                3 |             12 |         4.00 |
|  design_5_i/processing_system7_0/inst/FCLK_CLK0 | design_5_i/axi_iic_0/U0/X_IIC/X_AXI_IPIF_SSP1/AXI_LITE_IPIF_I/I_SLAVE_ATTACHMENT/s_axi_rresp_i                                                                    | design_5_i/axi_iic_0/U0/X_IIC/X_AXI_IPIF_SSP1/AXI_LITE_IPIF_I/I_SLAVE_ATTACHMENT/rst                                 |                4 |             12 |         3.00 |
|  design_5_i/processing_system7_0/inst/FCLK_CLK0 | design_5_i/axi_smc/inst/s00_entry_pipeline/s00_si_converter/inst/gen_axilite_conv.axilite_conv_inst/aw_addr[8]_i_1_n_0                                            | design_5_i/axi_smc/inst/s00_entry_pipeline/s00_si_converter/inst/areset                                              |                5 |             12 |         2.40 |
|  design_5_i/processing_system7_0/inst/FCLK_CLK0 | design_5_i/axi_smc/inst/s00_entry_pipeline/s00_transaction_regulator/inst/gen_endpoint.gen_r_singleorder.r_singleorder/gen_id_reg.s_rid_i0                        |                                                                                                                      |                3 |             12 |         4.00 |
|  design_5_i/processing_system7_0/inst/FCLK_CLK0 | design_5_i/axi_smc/inst/s00_entry_pipeline/s00_transaction_regulator/inst/gen_endpoint.gen_w_singleorder.w_singleorder/gen_id_reg.s_rid_i0                        |                                                                                                                      |                3 |             12 |         4.00 |
|  design_5_i/processing_system7_0/inst/FCLK_CLK0 | design_5_i/axi_smc/inst/s00_nodes/s00_r_node/inst/inst_mi_handler/gen_normal_area.inst_fifo_node_payld/gen_reg_fifo.inst_reg_fifo/gen_single_rank.inst_cntr/E[0]  |                                                                                                                      |                2 |             12 |         6.00 |
|  design_5_i/processing_system7_0/inst/FCLK_CLK0 | design_5_i/axi_smc/inst/s00_entry_pipeline/s00_si_converter/inst/gen_axilite_conv.axilite_conv_inst/ar_addr_d[8]_i_1_n_0                                          | design_5_i/axi_smc/inst/s00_entry_pipeline/s00_si_converter/inst/areset                                              |                5 |             12 |         2.40 |
|  design_5_i/processing_system7_0/inst/FCLK_CLK0 |                                                                                                                                                                   | design_5_i/axi_smc/inst/s00_entry_pipeline/s00_si_converter/inst/areset                                              |               11 |             20 |         1.82 |
|  design_5_i/processing_system7_0/inst/FCLK_CLK0 |                                                                                                                                                                   | design_5_i/axi_smc/inst/s00_entry_pipeline/s00_mmu/inst/areset                                                       |               13 |             23 |         1.77 |
|  design_5_i/processing_system7_0/inst/FCLK_CLK0 | design_5_i/axi_iic_0/U0/X_IIC/X_AXI_IPIF_SSP1/AXI_LITE_IPIF_I/I_SLAVE_ATTACHMENT/start2                                                                           | design_5_i/axi_iic_0/U0/X_IIC/X_AXI_IPIF_SSP1/AXI_LITE_IPIF_I/I_SLAVE_ATTACHMENT/I_DECODER/cs_ce_clr                 |               11 |             24 |         2.18 |
|  design_5_i/processing_system7_0/inst/FCLK_CLK0 | design_5_i/axi_smc/inst/s00_entry_pipeline/s00_si_converter/inst/gen_axilite_conv.axilite_conv_inst/m_aruser                                                      | design_5_i/axi_smc/inst/s00_entry_pipeline/s00_si_converter/inst/areset                                              |               10 |             30 |         3.00 |
|  design_5_i/processing_system7_0/inst/FCLK_CLK0 | design_5_i/axi_smc/inst/s00_entry_pipeline/s00_mmu/inst/aw_reg_stall/m_vector_i                                                                                   |                                                                                                                      |                7 |             32 |         4.57 |
|  design_5_i/processing_system7_0/inst/FCLK_CLK0 | design_5_i/axi_smc/inst/s00_entry_pipeline/s00_mmu/inst/ar_reg_stall/skid_buffer[1136]_i_1_n_0                                                                    |                                                                                                                      |                7 |             32 |         4.57 |
|  design_5_i/processing_system7_0/inst/FCLK_CLK0 | design_5_i/axi_smc/inst/s00_entry_pipeline/s00_mmu/inst/aw_reg_stall/skid_buffer[1136]_i_1__0_n_0                                                                 |                                                                                                                      |                8 |             32 |         4.00 |
|  design_5_i/processing_system7_0/inst/FCLK_CLK0 | design_5_i/axi_smc/inst/s00_entry_pipeline/s00_mmu/inst/ar_reg_stall/m_vector_i                                                                                   |                                                                                                                      |                5 |             32 |         6.40 |
|  design_5_i/processing_system7_0/inst/FCLK_CLK0 |                                                                                                                                                                   | design_5_i/axi_iic_0/U0/X_IIC/REG_INTERFACE_I/cr_i_reg[7]_0                                                          |               12 |             41 |         3.42 |
|  design_5_i/processing_system7_0/inst/FCLK_CLK0 |                                                                                                                                                                   | design_5_i/axi_iic_0/U0/X_IIC/X_AXI_IPIF_SSP1/X_SOFT_RESET/Bus2IIC_Reset                                             |               10 |             42 |         4.20 |
|  design_5_i/processing_system7_0/inst/FCLK_CLK0 |                                                                                                                                                                   |                                                                                                                      |               48 |            148 |         3.08 |
+-------------------------------------------------+-------------------------------------------------------------------------------------------------------------------------------------------------------------------+----------------------------------------------------------------------------------------------------------------------+------------------+----------------+--------------+


