
*** Running vivado
    with args -log design_3_axi_ahblite_bridge_0_0.vds -m64 -product Vivado -mode batch -messageDb vivado.pb -notrace -source design_3_axi_ahblite_bridge_0_0.tcl



****** Vivado v2025.1 (64-bit)
  **** SW Build 6140274 on Thu May 22 00:12:29 MDT 2025
  **** IP Build 6138677 on Thu May 22 03:10:11 MDT 2025
  **** SharedData Build 6139179 on Tue May 20 17:58:58 MDT 2025
  **** Start of session at: Thu Mar 19 10:13:53 2026
    ** Copyright 1986-2022 Xilinx, Inc. All Rights Reserved.
    ** Copyright 2022-2025 Advanced Micro Devices, Inc. All Rights Reserved.

source design_3_axi_ahblite_bridge_0_0.tcl -notrace
create_project: Time (s): cpu = 00:00:15 ; elapsed = 00:00:25 . Memory (MB): peak = 508.410 ; gain = 211.938
Command: synth_design -top design_3_axi_ahblite_bridge_0_0 -part xc7z020clg400-1 -incremental_mode off -mode out_of_context
Starting synth_design
Attempting to get a license for feature 'Synthesis' and/or device 'xc7z020'
INFO: [Common 17-349] Got license for feature 'Synthesis' and/or device 'xc7z020'
INFO: [Device 21-403] Loading part xc7z020clg400-1

*** Running vivado
    with args -log design_3_axi_ahblite_bridge_0_0.vds -m64 -product Vivado -mode batch -messageDb vivado.pb -notrace -source design_3_axi_ahblite_bridge_0_0.tcl



****** Vivado v2025.1 (64-bit)
  **** SW Build 6140274 on Thu May 22 00:12:29 MDT 2025
  **** IP Build 6138677 on Thu May 22 03:10:11 MDT 2025
  **** SharedData Build 6139179 on Tue May 20 17:58:58 MDT 2025
  **** Start of session at: Thu Mar 19 10:15:05 2026
    ** Copyright 1986-2022 Xilinx, Inc. All Rights Reserved.
    ** Copyright 2022-2025 Advanced Micro Devices, Inc. All Rights Reserved.

source design_3_axi_ahblite_bridge_0_0.tcl -notrace
create_project: Time (s): cpu = 00:00:17 ; elapsed = 00:00:25 . Memory (MB): peak = 509.059 ; gain = 213.480
Command: synth_design -top design_3_axi_ahblite_bridge_0_0 -part xc7z020clg400-1 -incremental_mode off -mode out_of_context
Starting synth_design
Attempting to get a license for feature 'Synthesis' and/or device 'xc7z020'
INFO: [Common 17-349] Got license for feature 'Synthesis' and/or device 'xc7z020'
INFO: [Device 21-403] Loading part xc7z020clg400-1
INFO: [Synth 8-7079] Multithreading enabled for synth_design using a maximum of 2 processes.
INFO: [Synth 8-7078] Launching helper process for spawning children vivado processes
INFO: [Synth 8-7075] Helper process launched with PID 27892
---------------------------------------------------------------------------------
Starting RTL Elaboration : Time (s): cpu = 00:00:14 ; elapsed = 00:00:22 . Memory (MB): peak = 1244.793 ; gain = 492.910
---------------------------------------------------------------------------------
INFO: [Synth 8-638] synthesizing module 'design_3_axi_ahblite_bridge_0_0' [c:/Users/291914/project_6/project_6.gen/sources_1/bd/design_3/ip/design_3_axi_ahblite_bridge_0_0/synth/design_3_axi_ahblite_bridge_0_0.vhd:108]
	Parameter C_FAMILY bound to: zynq - type: string 
	Parameter C_INSTANCE bound to: design_3_axi_ahblite_bridge_0_0 - type: string 
	Parameter C_S_AXI_ADDR_WIDTH bound to: 32 - type: integer 
	Parameter C_S_AXI_DATA_WIDTH bound to: 32 - type: integer 
	Parameter C_S_AXI_SUPPORTS_NARROW_BURST bound to: 0 - type: integer 
	Parameter C_S_AXI_ID_WIDTH bound to: 1 - type: integer 
	Parameter C_M_AHB_ADDR_WIDTH bound to: 32 - type: integer 
	Parameter C_M_AHB_DATA_WIDTH bound to: 32 - type: integer 
	Parameter C_DPHASE_TIMEOUT bound to: 0 - type: integer 
INFO: [Synth 8-3491] module 'axi_ahblite_bridge' declared at 'c:/Users/291914/project_6/project_6.gen/sources_1/bd/design_3/ipshared/9d50/hdl/axi_ahblite_bridge_v3_0_vh_rfs.vhd:3591' bound to instance 'U0' of component 'axi_ahblite_bridge' [c:/Users/291914/project_6/project_6.gen/sources_1/bd/design_3/ip/design_3_axi_ahblite_bridge_0_0/synth/design_3_axi_ahblite_bridge_0_0.vhd:236]
INFO: [Synth 8-638] synthesizing module 'axi_ahblite_bridge' [c:/Users/291914/project_6/project_6.gen/sources_1/bd/design_3/ipshared/9d50/hdl/axi_ahblite_bridge_v3_0_vh_rfs.vhd:3686]
INFO: [Synth 8-638] synthesizing module 'ahb_skid_buf' [c:/Users/291914/project_6/project_6.gen/sources_1/bd/design_3/ipshared/9d50/hdl/axi_ahblite_bridge_v3_0_vh_rfs.vhd:511]
INFO: [Synth 8-256] done synthesizing module 'ahb_skid_buf' (0#1) [c:/Users/291914/project_6/project_6.gen/sources_1/bd/design_3/ipshared/9d50/hdl/axi_ahblite_bridge_v3_0_vh_rfs.vhd:511]
INFO: [Synth 8-638] synthesizing module 'axi_slv_if' [c:/Users/291914/project_6/project_6.gen/sources_1/bd/design_3/ipshared/9d50/hdl/axi_ahblite_bridge_v3_0_vh_rfs.vhd:1148]
INFO: [Synth 8-256] done synthesizing module 'axi_slv_if' (0#1) [c:/Users/291914/project_6/project_6.gen/sources_1/bd/design_3/ipshared/9d50/hdl/axi_ahblite_bridge_v3_0_vh_rfs.vhd:1148]
INFO: [Synth 8-638] synthesizing module 'ahb_mstr_if' [c:/Users/291914/project_6/project_6.gen/sources_1/bd/design_3/ipshared/9d50/hdl/axi_ahblite_bridge_v3_0_vh_rfs.vhd:2183]
INFO: [Synth 8-256] done synthesizing module 'ahb_mstr_if' (0#1) [c:/Users/291914/project_6/project_6.gen/sources_1/bd/design_3/ipshared/9d50/hdl/axi_ahblite_bridge_v3_0_vh_rfs.vhd:2183]
INFO: [Synth 8-638] synthesizing module 'time_out' [c:/Users/291914/project_6/project_6.gen/sources_1/bd/design_3/ipshared/9d50/hdl/axi_ahblite_bridge_v3_0_vh_rfs.vhd:296]
INFO: [Synth 8-256] done synthesizing module 'time_out' (0#1) [c:/Users/291914/project_6/project_6.gen/sources_1/bd/design_3/ipshared/9d50/hdl/axi_ahblite_bridge_v3_0_vh_rfs.vhd:296]
INFO: [Synth 8-256] done synthesizing module 'axi_ahblite_bridge' (0#1) [c:/Users/291914/project_6/project_6.gen/sources_1/bd/design_3/ipshared/9d50/hdl/axi_ahblite_bridge_v3_0_vh_rfs.vhd:3686]
INFO: [Synth 8-256] done synthesizing module 'design_3_axi_ahblite_bridge_0_0' (0#1) [c:/Users/291914/project_6/project_6.gen/sources_1/bd/design_3/ip/design_3_axi_ahblite_bridge_0_0/synth/design_3_axi_ahblite_bridge_0_0.vhd:108]
WARNING: [Synth 8-6014] Unused sequential element axi_wlast_reg was removed.  [c:/Users/291914/project_6/project_6.gen/sources_1/bd/design_3/ipshared/9d50/hdl/axi_ahblite_bridge_v3_0_vh_rfs.vhd:1750]
WARNING: [Synth 8-6014] Unused sequential element ARREADY_i_reg was removed.  [c:/Users/291914/project_6/project_6.gen/sources_1/bd/design_3/ipshared/9d50/hdl/axi_ahblite_bridge_v3_0_vh_rfs.vhd:1247]
WARNING: [Synth 8-6014] Unused sequential element ahb_wr_request_reg was removed.  [c:/Users/291914/project_6/project_6.gen/sources_1/bd/design_3/ipshared/9d50/hdl/axi_ahblite_bridge_v3_0_vh_rfs.vhd:2021]
WARNING: [Synth 8-7129] Port S_AXI_ACLK in module time_out is either unconnected or has no load
WARNING: [Synth 8-7129] Port S_AXI_ARESETN in module time_out is either unconnected or has no load
WARNING: [Synth 8-7129] Port M_AHB_HREADY in module time_out is either unconnected or has no load
WARNING: [Synth 8-7129] Port load_cntr in module time_out is either unconnected or has no load
WARNING: [Synth 8-7129] Port cntr_enable in module time_out is either unconnected or has no load
WARNING: [Synth 8-7129] Port axi_prot[1] in module ahb_mstr_if is either unconnected or has no load
WARNING: [Synth 8-7129] Port axi_cache[1] in module ahb_mstr_if is either unconnected or has no load
WARNING: [Synth 8-7129] Port timeout_i in module axi_slv_if is either unconnected or has no load
---------------------------------------------------------------------------------
Finished RTL Elaboration : Time (s): cpu = 00:00:19 ; elapsed = 00:00:31 . Memory (MB): peak = 1370.285 ; gain = 618.402
---------------------------------------------------------------------------------
---------------------------------------------------------------------------------
Start Handling Custom Attributes
---------------------------------------------------------------------------------
---------------------------------------------------------------------------------
Finished Handling Custom Attributes : Time (s): cpu = 00:00:20 ; elapsed = 00:00:32 . Memory (MB): peak = 1370.285 ; gain = 618.402
---------------------------------------------------------------------------------
---------------------------------------------------------------------------------
Finished RTL Optimization Phase 1 : Time (s): cpu = 00:00:20 ; elapsed = 00:00:32 . Memory (MB): peak = 1370.285 ; gain = 618.402
---------------------------------------------------------------------------------
Netlist sorting complete. Time (s): cpu = 00:00:00 ; elapsed = 00:00:00.050 . Memory (MB): peak = 1370.285 ; gain = 0.000
INFO: [Project 1-570] Preparing netlist for logic optimization

Processing XDC Constraints
Initializing timing engine
Parsing XDC File [c:/Users/291914/project_6/project_6.gen/sources_1/bd/design_3/ip/design_3_axi_ahblite_bridge_0_0/design_3_axi_ahblite_bridge_0_0_ooc.xdc] for cell 'U0'
Finished Parsing XDC File [c:/Users/291914/project_6/project_6.gen/sources_1/bd/design_3/ip/design_3_axi_ahblite_bridge_0_0/design_3_axi_ahblite_bridge_0_0_ooc.xdc] for cell 'U0'
Parsing XDC File [C:/Users/291914/project_6/project_6.runs/design_3_axi_ahblite_bridge_0_0_synth_1/dont_touch.xdc]
Finished Parsing XDC File [C:/Users/291914/project_6/project_6.runs/design_3_axi_ahblite_bridge_0_0_synth_1/dont_touch.xdc]
Completed Processing XDC Constraints

Netlist sorting complete. Time (s): cpu = 00:00:00 ; elapsed = 00:00:00.001 . Memory (MB): peak = 1424.395 ; gain = 0.000
INFO: [Project 1-111] Unisim Transformation Summary:
No Unisim elements were transformed.

Constraint Validation Runtime : Time (s): cpu = 00:00:00 ; elapsed = 00:00:00.125 . Memory (MB): peak = 1427.562 ; gain = 3.168
INFO: [Designutils 20-5008] Incremental synthesis strategy off
---------------------------------------------------------------------------------
Finished Constraint Validation : Time (s): cpu = 00:00:42 ; elapsed = 00:00:58 . Memory (MB): peak = 1427.562 ; gain = 675.680
---------------------------------------------------------------------------------
---------------------------------------------------------------------------------
Start Loading Part and Timing Information
---------------------------------------------------------------------------------
Loading part: xc7z020clg400-1
---------------------------------------------------------------------------------
Finished Loading Part and Timing Information : Time (s): cpu = 00:00:42 ; elapsed = 00:00:58 . Memory (MB): peak = 1427.562 ; gain = 675.680
---------------------------------------------------------------------------------
---------------------------------------------------------------------------------
Start Applying 'set_property' XDC Constraints
---------------------------------------------------------------------------------
---------------------------------------------------------------------------------
Finished applying 'set_property' XDC Constraints : Time (s): cpu = 00:00:42 ; elapsed = 00:00:58 . Memory (MB): peak = 1427.562 ; gain = 675.680
---------------------------------------------------------------------------------
INFO: [Synth 8-802] inferred FSM for state register 'axi_write_cs_reg' in module 'axi_slv_if'
INFO: [Synth 8-802] inferred FSM for state register 'axi_read_cs_reg' in module 'axi_slv_if'
INFO: [Synth 8-802] inferred FSM for state register 'ahb_wr_rd_cs_reg' in module 'ahb_mstr_if'
---------------------------------------------------------------------------------------------------
                   State |                     New Encoding |                Previous Encoding 
---------------------------------------------------------------------------------------------------
             axi_rd_idle |                              000 |                              000
           axi_read_last |                              001 |                              001
             axi_reading |                              010 |                              010
                 rd_resp |                              011 |                              100
         axi_wait_rready |                              100 |                              011
---------------------------------------------------------------------------------------------------
INFO: [Synth 8-3354] encoded FSM with state register 'axi_read_cs_reg' using encoding 'sequential' in module 'axi_slv_if'
---------------------------------------------------------------------------------------------------
                   State |                     New Encoding |                Previous Encoding 
---------------------------------------------------------------------------------------------------
             axi_wr_idle |                              000 |                              000
        axi_wvalids_wait |                              001 |                              010
             axi_writing |                              010 |                              001
        axi_wr_resp_wait |                              011 |                              101
          axi_write_last |                              100 |                              100
             axi_wr_resp |                              101 |                              110
         axi_wvalid_wait |                              110 |                              011
---------------------------------------------------------------------------------------------------
INFO: [Synth 8-3354] encoded FSM with state register 'axi_write_cs_reg' using encoding 'sequential' in module 'axi_slv_if'
---------------------------------------------------------------------------------------------------
                   State |                     New Encoding |                Previous Encoding 
---------------------------------------------------------------------------------------------------
                ahb_idle |                             0000 |                             0000
             ahb_wr_addr |                             0001 |                             0110
           ahb_wr_single |                             0010 |                             0111
             ahb_wr_incr |                             0011 |                             1001
           ahb_last_wait |                             0100 |                             1101
          ahb_onekb_last |                             0101 |                             1100
                ahb_last |                             0110 |                             1110
           ahb_last_addr |                             0111 |                             1011
             ahb_wr_wait |                             1000 |                             1000
           ahb_incr_addr |                             1001 |                             1010
           ahb_rd_single |                             1010 |                             0010
             ahb_rd_addr |                             1011 |                             0001
             ahb_rd_last |                             1100 |                             0100
        ahb_rd_data_incr |                             1101 |                             0011
             ahb_rd_wait |                             1110 |                             0101
---------------------------------------------------------------------------------------------------
INFO: [Synth 8-3354] encoded FSM with state register 'ahb_wr_rd_cs_reg' using encoding 'sequential' in module 'ahb_mstr_if'
---------------------------------------------------------------------------------
Finished RTL Optimization Phase 2 : Time (s): cpu = 00:00:44 ; elapsed = 00:01:01 . Memory (MB): peak = 1427.562 ; gain = 675.680
---------------------------------------------------------------------------------
---------------------------------------------------------------------------------
Start RTL Component Statistics 
---------------------------------------------------------------------------------
Detailed RTL Component Info : 
+---Adders : 
	   2 Input   32 Bit       Adders := 1     
	   2 Input   12 Bit       Adders := 1     
	   2 Input    8 Bit       Adders := 1     
	   2 Input    6 Bit       Adders := 1     
	   2 Input    5 Bit       Adders := 1     
	   2 Input    4 Bit       Adders := 1     
	   2 Input    3 Bit       Adders := 1     
+---Registers : 
	               32 Bit    Registers := 7     
	                8 Bit    Registers := 2     
	                4 Bit    Registers := 5     
	                3 Bit    Registers := 4     
	                2 Bit    Registers := 4     
	                1 Bit    Registers := 39    
+---Muxes : 
	   2 Input   32 Bit        Muxes := 4     
	  15 Input   32 Bit        Muxes := 1     
	   7 Input   32 Bit        Muxes := 1     
	   2 Input   12 Bit        Muxes := 1     
	   4 Input   12 Bit        Muxes := 1     
	   2 Input    8 Bit        Muxes := 2     
	   2 Input    4 Bit        Muxes := 2     
	  27 Input    4 Bit        Muxes := 1     
	   3 Input    4 Bit        Muxes := 1     
	   5 Input    3 Bit        Muxes := 1     
	   2 Input    3 Bit        Muxes := 14    
	   7 Input    3 Bit        Muxes := 1     
	   4 Input    3 Bit        Muxes := 1     
	   2 Input    2 Bit        Muxes := 7     
	   5 Input    2 Bit        Muxes := 2     
	   2 Input    1 Bit        Muxes := 46    
	   5 Input    1 Bit        Muxes := 6     
	   7 Input    1 Bit        Muxes := 7     
	  15 Input    1 Bit        Muxes := 18    
---------------------------------------------------------------------------------
Finished RTL Component Statistics 
---------------------------------------------------------------------------------
---------------------------------------------------------------------------------
Start Part Resource Summary
---------------------------------------------------------------------------------
Part Resources:
DSPs: 220 (col length:60)
BRAMs: 280 (col length: RAMB18 60 RAMB36 30)
---------------------------------------------------------------------------------
Finished Part Resource Summary
---------------------------------------------------------------------------------
---------------------------------------------------------------------------------
Start Cross Boundary and Area Optimization
---------------------------------------------------------------------------------
WARNING: [Synth 8-7080] Parallel synthesis criteria is not met
WARNING: [Synth 8-7129] Port timeout_i in module axi_slv_if is either unconnected or has no load
---------------------------------------------------------------------------------
Finished Cross Boundary and Area Optimization : Time (s): cpu = 00:00:56 ; elapsed = 00:01:17 . Memory (MB): peak = 1447.215 ; gain = 695.332
---------------------------------------------------------------------------------
---------------------------------------------------------------------------------
Start Applying XDC Timing Constraints
---------------------------------------------------------------------------------
---------------------------------------------------------------------------------
Finished Applying XDC Timing Constraints : Time (s): cpu = 00:01:14 ; elapsed = 00:01:39 . Memory (MB): peak = 1567.781 ; gain = 815.898
---------------------------------------------------------------------------------
---------------------------------------------------------------------------------
Start Timing Optimization
---------------------------------------------------------------------------------
---------------------------------------------------------------------------------
Finished Timing Optimization : Time (s): cpu = 00:01:19 ; elapsed = 00:01:44 . Memory (MB): peak = 1617.039 ; gain = 865.156
---------------------------------------------------------------------------------
---------------------------------------------------------------------------------
Start Technology Mapping
---------------------------------------------------------------------------------
---------------------------------------------------------------------------------
Finished Technology Mapping : Time (s): cpu = 00:01:19 ; elapsed = 00:01:45 . Memory (MB): peak = 1617.039 ; gain = 865.156
---------------------------------------------------------------------------------
---------------------------------------------------------------------------------
Start IO Insertion
---------------------------------------------------------------------------------
---------------------------------------------------------------------------------
Start Flattening Before IO Insertion
---------------------------------------------------------------------------------
---------------------------------------------------------------------------------
Finished Flattening Before IO Insertion
---------------------------------------------------------------------------------
---------------------------------------------------------------------------------
Start Final Netlist Cleanup
---------------------------------------------------------------------------------
---------------------------------------------------------------------------------
Finished Final Netlist Cleanup
---------------------------------------------------------------------------------
---------------------------------------------------------------------------------
Finished IO Insertion : Time (s): cpu = 00:01:31 ; elapsed = 00:01:58 . Memory (MB): peak = 1821.086 ; gain = 1069.203
---------------------------------------------------------------------------------
---------------------------------------------------------------------------------
Start Renaming Generated Instances
---------------------------------------------------------------------------------
---------------------------------------------------------------------------------
Finished Renaming Generated Instances : Time (s): cpu = 00:01:31 ; elapsed = 00:01:58 . Memory (MB): peak = 1821.086 ; gain = 1069.203
---------------------------------------------------------------------------------
---------------------------------------------------------------------------------
Start Rebuilding User Hierarchy
---------------------------------------------------------------------------------
---------------------------------------------------------------------------------
Finished Rebuilding User Hierarchy : Time (s): cpu = 00:01:31 ; elapsed = 00:01:58 . Memory (MB): peak = 1821.086 ; gain = 1069.203
---------------------------------------------------------------------------------
---------------------------------------------------------------------------------
Start Renaming Generated Ports
---------------------------------------------------------------------------------
---------------------------------------------------------------------------------
Finished Renaming Generated Ports : Time (s): cpu = 00:01:31 ; elapsed = 00:01:58 . Memory (MB): peak = 1821.086 ; gain = 1069.203
---------------------------------------------------------------------------------
---------------------------------------------------------------------------------
Start Handling Custom Attributes
---------------------------------------------------------------------------------
---------------------------------------------------------------------------------
Finished Handling Custom Attributes : Time (s): cpu = 00:01:31 ; elapsed = 00:01:59 . Memory (MB): peak = 1821.086 ; gain = 1069.203
---------------------------------------------------------------------------------
---------------------------------------------------------------------------------
Start Renaming Generated Nets
---------------------------------------------------------------------------------
---------------------------------------------------------------------------------
Finished Renaming Generated Nets : Time (s): cpu = 00:01:31 ; elapsed = 00:01:59 . Memory (MB): peak = 1821.086 ; gain = 1069.203
---------------------------------------------------------------------------------
---------------------------------------------------------------------------------
Start Writing Synthesis Report
---------------------------------------------------------------------------------

Report BlackBoxes: 
+-+--------------+----------+
| |BlackBox name |Instances |
+-+--------------+----------+
+-+--------------+----------+

Report Cell Usage: 
+------+-------+------+
|      |Cell   |Count |
+------+-------+------+
|1     |CARRY4 |    13|
|2     |LUT1   |     2|
|3     |LUT2   |    43|
|4     |LUT3   |   102|
|5     |LUT4   |    29|
|6     |LUT5   |    31|
|7     |LUT6   |   143|
|8     |FDRE   |   299|
|9     |FDSE   |     2|
+------+-------+------+
---------------------------------------------------------------------------------
Finished Writing Synthesis Report : Time (s): cpu = 00:01:31 ; elapsed = 00:01:59 . Memory (MB): peak = 1821.086 ; gain = 1069.203
---------------------------------------------------------------------------------
Synthesis finished with 0 errors, 0 critical warnings and 2 warnings.
Synthesis Optimization Runtime : Time (s): cpu = 00:01:07 ; elapsed = 00:01:51 . Memory (MB): peak = 1821.086 ; gain = 1011.926
Synthesis Optimization Complete : Time (s): cpu = 00:01:32 ; elapsed = 00:01:59 . Memory (MB): peak = 1821.086 ; gain = 1069.203
INFO: [Project 1-571] Translating synthesized netlist
Netlist sorting complete. Time (s): cpu = 00:00:00 ; elapsed = 00:00:00.025 . Memory (MB): peak = 1830.172 ; gain = 0.000
INFO: [Netlist 29-17] Analyzing 13 Unisim elements for replacement
INFO: [Netlist 29-28] Unisim Transformation completed in 1 CPU seconds
INFO: [Project 1-570] Preparing netlist for logic optimization
INFO: [Opt 31-138] Pushed 0 inverter(s) to 0 load pin(s).
Netlist sorting complete. Time (s): cpu = 00:00:00 ; elapsed = 00:00:00.001 . Memory (MB): peak = 1833.836 ; gain = 0.000
INFO: [Project 1-111] Unisim Transformation Summary:
No Unisim elements were transformed.

Synth Design complete | Checksum: 50e06c2d
INFO: [Common 17-83] Releasing license: Synthesis
34 Infos, 13 Warnings, 0 Critical Warnings and 0 Errors encountered.
synth_design completed successfully
synth_design: Time (s): cpu = 00:01:41 ; elapsed = 00:02:21 . Memory (MB): peak = 1833.836 ; gain = 1312.395
Write ShapeDB Complete: Time (s): cpu = 00:00:00 ; elapsed = 00:00:00.006 . Memory (MB): peak = 1833.836 ; gain = 0.000
INFO: [Common 17-1381] The checkpoint 'C:/Users/291914/project_6/project_6.runs/design_3_axi_ahblite_bridge_0_0_synth_1/design_3_axi_ahblite_bridge_0_0.dcp' has been generated.
INFO: [Coretcl 2-1648] Added synthesis output to IP cache for IP design_3_axi_ahblite_bridge_0_0, cache-ID = b5f1eb46fe71acb2
INFO: [Coretcl 2-1174] Renamed 4 cell refs.
Write ShapeDB Complete: Time (s): cpu = 00:00:00 ; elapsed = 00:00:00.004 . Memory (MB): peak = 1833.836 ; gain = 0.000
INFO: [Common 17-1381] The checkpoint 'C:/Users/291914/project_6/project_6.runs/design_3_axi_ahblite_bridge_0_0_synth_1/design_3_axi_ahblite_bridge_0_0.dcp' has been generated.
INFO: [Vivado 12-24828] Executing command : report_utilization -file design_3_axi_ahblite_bridge_0_0_utilization_synth.rpt -pb design_3_axi_ahblite_bridge_0_0_utilization_synth.pb
INFO: [Common 17-206] Exiting Vivado at Thu Mar 19 10:18:12 2026...
